Flow report for Cronometro
Sat Mar 14 10:41:43 2015
Quartus II 32-bit Version 11.1 Build 259 01/25/2012 Service Pack 2 SJ Web Edition


---------------------
; Table of Contents ;
---------------------
  1. Legal Notice
  2. Flow Summary
  3. Flow Settings
  4. Flow Non-Default Global Settings
  5. Flow Elapsed Time
  6. Flow OS Summary
  7. Flow Log



----------------
; Legal Notice ;
----------------
Copyright (C) 1991-2011 Altera Corporation
Your use of Altera Corporation's design tools, logic functions 
and other software and tools, and its AMPP partner logic 
functions, and any output files from any of the foregoing 
(including device programming or simulation files), and any 
associated documentation or information are expressly subject 
to the terms and conditions of the Altera Program License 
Subscription Agreement, Altera MegaCore Function License 
Agreement, or other applicable license agreement, including, 
without limitation, that your use is for the sole purpose of 
programming logic devices manufactured by Altera and sold by 
Altera or its authorized distributors.  Please refer to the 
applicable agreement for further details.



+------------------------------------------------------------------------------------+
; Flow Summary                                                                       ;
+------------------------------------+-----------------------------------------------+
; Flow Status                        ; Successful - Sat Mar 14 10:41:43 2015         ;
; Quartus II 32-bit Version          ; 11.1 Build 259 01/25/2012 SP 2 SJ Web Edition ;
; Revision Name                      ; Cronometro                                    ;
; Top-level Entity Name              ; Divisor_Frequencia                            ;
; Family                             ; Cyclone IV E                                  ;
; Device                             ; EP4CE115F29C7                                 ;
; Timing Models                      ; Final                                         ;
; Total logic elements               ; 43 / 114,480 ( < 1 % )                        ;
;     Total combinational functions  ; 35 / 114,480 ( < 1 % )                        ;
;     Dedicated logic registers      ; 41 / 114,480 ( < 1 % )                        ;
; Total registers                    ; 41                                            ;
; Total pins                         ; 11 / 529 ( 2 % )                              ;
; Total virtual pins                 ; 0                                             ;
; Total memory bits                  ; 0 / 3,981,312 ( 0 % )                         ;
; Embedded Multiplier 9-bit elements ; 0 / 532 ( 0 % )                               ;
; Total PLLs                         ; 0 / 4 ( 0 % )                                 ;
+------------------------------------+-----------------------------------------------+


+-----------------------------------------+
; Flow Settings                           ;
+-------------------+---------------------+
; Option            ; Setting             ;
+-------------------+---------------------+
; Start date & time ; 03/14/2015 10:41:08 ;
; Main task         ; Compilation         ;
; Revision Name     ; Cronometro          ;
+-------------------+---------------------+


+--------------------------------------------------------------------------------------------------------------------------+
; Flow Non-Default Global Settings                                                                                         ;
+-------------------------------------+------------------------------+---------------+--------------------+----------------+
; Assignment Name                     ; Value                        ; Default Value ; Entity Name        ; Section Id     ;
+-------------------------------------+------------------------------+---------------+--------------------+----------------+
; COMPILER_SIGNATURE_ID               ; 167739689152.142634046704008 ; --            ; --                 ; --             ;
; EDA_OUTPUT_DATA_FORMAT              ; Vhdl                         ; --            ; --                 ; eda_simulation ;
; EDA_RUN_TOOL_AUTOMATICALLY          ; On                           ; --            ; --                 ; eda_simulation ;
; EDA_SIMULATION_TOOL                 ; ModelSim-Altera (VHDL)       ; <None>        ; --                 ; --             ;
; IP_TOOL_NAME                        ; LPM_COUNTER                  ; --            ; --                 ; --             ;
; IP_TOOL_NAME                        ; LPM_COUNTER                  ; --            ; --                 ; --             ;
; IP_TOOL_VERSION                     ; 11.1                         ; --            ; --                 ; --             ;
; IP_TOOL_VERSION                     ; 11.1                         ; --            ; --                 ; --             ;
; MAX_CORE_JUNCTION_TEMP              ; 85                           ; --            ; --                 ; --             ;
; MIN_CORE_JUNCTION_TEMP              ; 0                            ; --            ; --                 ; --             ;
; MISC_FILE                           ; lpm_counter0.bsf             ; --            ; --                 ; --             ;
; MISC_FILE                           ; lpm_counter0.cmp             ; --            ; --                 ; --             ;
; MISC_FILE                           ; lpm_counter1.bsf             ; --            ; --                 ; --             ;
; MISC_FILE                           ; lpm_counter1.cmp             ; --            ; --                 ; --             ;
; PARTITION_COLOR                     ; 16764057                     ; --            ; Divisor_Frequencia ; Top            ;
; PARTITION_FITTER_PRESERVATION_LEVEL ; PLACEMENT_AND_ROUTING        ; --            ; Divisor_Frequencia ; Top            ;
; PARTITION_NETLIST_TYPE              ; SOURCE                       ; --            ; Divisor_Frequencia ; Top            ;
; TOP_LEVEL_ENTITY                    ; Divisor_Frequencia           ; Cronometro    ; --                 ; --             ;
+-------------------------------------+------------------------------+---------------+--------------------+----------------+


+-------------------------------------------------------------------------------------------------------------------------------+
; Flow Elapsed Time                                                                                                             ;
+---------------------------+--------------+-------------------------+---------------------+------------------------------------+
; Module Name               ; Elapsed Time ; Average Processors Used ; Peak Virtual Memory ; Total CPU Time (on all processors) ;
+---------------------------+--------------+-------------------------+---------------------+------------------------------------+
; Analysis & Synthesis      ; 00:00:03     ; 1.0                     ; 308 MB              ; 00:00:03                           ;
; Fitter                    ; 00:00:20     ; 1.0                     ; 472 MB              ; 00:00:19                           ;
; TimeQuest Timing Analyzer ; 00:00:05     ; 1.0                     ; 331 MB              ; 00:00:04                           ;
; Assembler                 ; 00:00:09     ; 1.0                     ; 486 MB              ; 00:00:08                           ;
; EDA Netlist Writer        ; 00:00:01     ; 1.0                     ; 238 MB              ; 00:00:01                           ;
; Total                     ; 00:00:38     ; --                      ; --                  ; 00:00:35                           ;
+---------------------------+--------------+-------------------------+---------------------+------------------------------------+


+----------------------------------------------------------------------------------------+
; Flow OS Summary                                                                        ;
+---------------------------+------------------+-----------+------------+----------------+
; Module Name               ; Machine Hostname ; OS Name   ; OS Version ; Processor type ;
+---------------------------+------------------+-----------+------------+----------------+
; Analysis & Synthesis      ; LAB14-20         ; Windows 7 ; 6.1        ; i686           ;
; Fitter                    ; LAB14-20         ; Windows 7 ; 6.1        ; i686           ;
; TimeQuest Timing Analyzer ; LAB14-20         ; Windows 7 ; 6.1        ; i686           ;
; Assembler                 ; LAB14-20         ; Windows 7 ; 6.1        ; i686           ;
; EDA Netlist Writer        ; LAB14-20         ; Windows 7 ; 6.1        ; i686           ;
+---------------------------+------------------+-----------+------------+----------------+


------------
; Flow Log ;
------------
quartus_map --read_settings_files=on --write_settings_files=off Cronometro -c Cronometro
quartus_fit --read_settings_files=off --write_settings_files=off Cronometro -c Cronometro
quartus_sta Cronometro -c Cronometro
quartus_asm --read_settings_files=off --write_settings_files=off Cronometro -c Cronometro
quartus_eda --read_settings_files=off --write_settings_files=off Cronometro -c Cronometro



